[0.027s] Invoking command in '/Dev/ORB_SLAM3/ws/build/ros2_orbslam3': /usr/bin/cmake /Dev/ORB_SLAM3/ws/src/ros2_orbslam3 -DCMAKE_INSTALL_PREFIX=/Dev/ORB_SLAM3/ws/install/ros2_orbslam3
[0.130s] -- The C compiler identification is GNU 9.4.0
[0.173s] -- The CXX compiler identification is GNU 9.4.0
[0.176s] -- Check for working C compiler: /usr/bin/cc
[0.239s] -- Check for working C compiler: /usr/bin/cc -- works
[0.240s] -- Detecting C compiler ABI info
[0.305s] -- Detecting C compiler ABI info - done
[0.312s] -- Detecting C compile features
[0.312s] -- Detecting C compile features - done
[0.314s] -- Check for working CXX compiler: /usr/bin/c++
[0.384s] -- Check for working CXX compiler: /usr/bin/c++ -- works
[0.385s] -- Detecting CXX compiler ABI info
[0.456s] -- Detecting CXX compiler ABI info - done
[0.463s] -- Detecting CXX compile features
[0.463s] -- Detecting CXX compile features - done
[0.481s] CMake Error at CMakeLists.txt:22 (find_package):
[0.481s]   By not providing "Findament_cmake.cmake" in CMAKE_MODULE_PATH this project
[0.481s]   has asked CMake to find a package configuration file provided by
[0.481s]   "ament_cmake", but CMake did not find one.
[0.481s] 
[0.481s]   Could not find a package configuration file provided by "ament_cmake" with
[0.481s]   any of the following names:
[0.481s] 
[0.481s]     ament_cmakeConfig.cmake
[0.481s]     ament_cmake-config.cmake
[0.481s] 
[0.481s]   Add the installation prefix of "ament_cmake" to CMAKE_PREFIX_PATH or set
[0.481s]   "ament_cmake_DIR" to a directory containing one of the above files.  If
[0.482s]   "ament_cmake" provides a separate development package or SDK, be sure it
[0.482s]   has been installed.
[0.482s] 
[0.482s] 
[0.482s] -- Configuring incomplete, errors occurred!
[0.482s] See also "/Dev/ORB_SLAM3/ws/build/ros2_orbslam3/CMakeFiles/CMakeOutput.log".
[0.484s] Invoked command in '/Dev/ORB_SLAM3/ws/build/ros2_orbslam3' returned '1': /usr/bin/cmake /Dev/ORB_SLAM3/ws/src/ros2_orbslam3 -DCMAKE_INSTALL_PREFIX=/Dev/ORB_SLAM3/ws/install/ros2_orbslam3
