[1.800s] DEBUG:colcon:Command line arguments: ['/usr/bin/colcon', 'build']
[1.800s] DEBUG:colcon:Parsed command line arguments: Namespace(allow_overriding=[], ament_cmake_args=None, base_paths=['.'], build_base='build', catkin_cmake_args=None, catkin_skip_building_tests=False, cmake_args=None, cmake_clean_cache=False, cmake_clean_first=False, cmake_force_configure=False, cmake_target=None, cmake_target_skip_unavailable=False, continue_on_error=False, event_handlers=None, executor='parallel', ignore_user_meta=False, install_base='install', log_base=None, log_level=None, main=<bound method BuildVerb.main of <colcon_core.verb.build.BuildVerb object at 0x78ab13a64670>>, merge_install=False, metas=['./colcon.meta'], mixin=None, mixin_files=None, mixin_verb=('build',), packages_above=None, packages_above_and_dependencies=None, packages_above_depth=None, packages_end=None, packages_ignore=None, packages_ignore_regex=None, packages_select=None, packages_select_build_failed=False, packages_select_by_dep=None, packages_select_regex=None, packages_select_test_failures=False, packages_skip=None, packages_skip_build_finished=False, packages_skip_by_dep=None, packages_skip_regex=None, packages_skip_test_passed=False, packages_skip_up_to=None, packages_start=None, packages_up_to=None, packages_up_to_regex=None, parallel_workers=16, paths=None, symlink_install=False, test_result_base=None, verb_extension=<colcon_core.verb.build.BuildVerb object at 0x78ab13a64670>, verb_name='build', verb_parser=<colcon_mixin.mixin.mixin_argument.MixinArgumentDecorator object at 0x78ab139a8520>)
[2.229s] Level 1:colcon.colcon_core.package_discovery:discover_packages(colcon_meta) check parameters
[2.229s] Level 1:colcon.colcon_core.package_discovery:discover_packages(recursive) check parameters
[2.229s] Level 1:colcon.colcon_core.package_discovery:discover_packages(ignore) check parameters
[2.229s] Level 1:colcon.colcon_core.package_discovery:discover_packages(path) check parameters
[2.229s] Level 1:colcon.colcon_core.package_discovery:discover_packages(colcon_meta) discover
[2.229s] Level 1:colcon.colcon_core.package_discovery:discover_packages(recursive) discover
[2.230s] INFO:colcon.colcon_core.package_discovery:Crawling recursively for packages in '/Dev/ORB_SLAM3/ws'
[2.230s] Level 1:colcon.colcon_core.package_identification:_identify(.) by extensions ['ignore', 'ignore_ament_install']
[2.230s] Level 1:colcon.colcon_core.package_identification:_identify(.) by extension 'ignore'
[2.230s] Level 1:colcon.colcon_core.package_identification:_identify(.) by extension 'ignore_ament_install'
[2.230s] Level 1:colcon.colcon_core.package_identification:_identify(.) by extensions ['colcon_pkg']
[2.230s] Level 1:colcon.colcon_core.package_identification:_identify(.) by extension 'colcon_pkg'
[2.230s] Level 1:colcon.colcon_core.package_identification:_identify(.) by extensions ['colcon_meta']
[2.230s] Level 1:colcon.colcon_core.package_identification:_identify(.) by extension 'colcon_meta'
[2.230s] Level 1:colcon.colcon_core.package_identification:_identify(.) by extensions ['ros']
[2.230s] Level 1:colcon.colcon_core.package_identification:_identify(.) by extension 'ros'
[2.305s] Level 1:colcon.colcon_core.package_identification:_identify(.) by extensions ['cmake', 'python']
[2.305s] Level 1:colcon.colcon_core.package_identification:_identify(.) by extension 'cmake'
[2.306s] Level 1:colcon.colcon_core.package_identification:_identify(.) by extension 'python'
[2.306s] Level 1:colcon.colcon_core.package_identification:_identify(.) by extensions ['python_setup_py']
[2.306s] Level 1:colcon.colcon_core.package_identification:_identify(.) by extension 'python_setup_py'
[2.306s] Level 1:colcon.colcon_core.package_identification:_identify(build) by extensions ['ignore', 'ignore_ament_install']
[2.306s] Level 1:colcon.colcon_core.package_identification:_identify(build) by extension 'ignore'
[2.306s] Level 1:colcon.colcon_core.package_identification:_identify(build) ignored
[2.306s] Level 1:colcon.colcon_core.package_identification:_identify(install) by extensions ['ignore', 'ignore_ament_install']
[2.306s] Level 1:colcon.colcon_core.package_identification:_identify(install) by extension 'ignore'
[2.306s] Level 1:colcon.colcon_core.package_identification:_identify(install) ignored
[2.306s] Level 1:colcon.colcon_core.package_identification:_identify(log) by extensions ['ignore', 'ignore_ament_install']
[2.306s] Level 1:colcon.colcon_core.package_identification:_identify(log) by extension 'ignore'
[2.306s] Level 1:colcon.colcon_core.package_identification:_identify(log) ignored
[2.306s] Level 1:colcon.colcon_core.package_identification:_identify(src) by extensions ['ignore', 'ignore_ament_install']
[2.306s] Level 1:colcon.colcon_core.package_identification:_identify(src) by extension 'ignore'
[2.306s] Level 1:colcon.colcon_core.package_identification:_identify(src) by extension 'ignore_ament_install'
[2.306s] Level 1:colcon.colcon_core.package_identification:_identify(src) by extensions ['colcon_pkg']
[2.306s] Level 1:colcon.colcon_core.package_identification:_identify(src) by extension 'colcon_pkg'
[2.306s] Level 1:colcon.colcon_core.package_identification:_identify(src) by extensions ['colcon_meta']
[2.306s] Level 1:colcon.colcon_core.package_identification:_identify(src) by extension 'colcon_meta'
[2.307s] Level 1:colcon.colcon_core.package_identification:_identify(src) by extensions ['ros']
[2.307s] Level 1:colcon.colcon_core.package_identification:_identify(src) by extension 'ros'
[2.307s] Level 1:colcon.colcon_core.package_identification:_identify(src) by extensions ['cmake', 'python']
[2.307s] Level 1:colcon.colcon_core.package_identification:_identify(src) by extension 'cmake'
[2.307s] Level 1:colcon.colcon_core.package_identification:_identify(src) by extension 'python'
[2.307s] Level 1:colcon.colcon_core.package_identification:_identify(src) by extensions ['python_setup_py']
[2.307s] Level 1:colcon.colcon_core.package_identification:_identify(src) by extension 'python_setup_py'
[2.307s] Level 1:colcon.colcon_core.package_identification:_identify(src/ros2_orbslam3) by extensions ['ignore', 'ignore_ament_install']
[2.307s] Level 1:colcon.colcon_core.package_identification:_identify(src/ros2_orbslam3) by extension 'ignore'
[2.307s] Level 1:colcon.colcon_core.package_identification:_identify(src/ros2_orbslam3) by extension 'ignore_ament_install'
[2.307s] Level 1:colcon.colcon_core.package_identification:_identify(src/ros2_orbslam3) by extensions ['colcon_pkg']
[2.307s] Level 1:colcon.colcon_core.package_identification:_identify(src/ros2_orbslam3) by extension 'colcon_pkg'
[2.307s] Level 1:colcon.colcon_core.package_identification:_identify(src/ros2_orbslam3) by extensions ['colcon_meta']
[2.307s] Level 1:colcon.colcon_core.package_identification:_identify(src/ros2_orbslam3) by extension 'colcon_meta'
[2.307s] Level 1:colcon.colcon_core.package_identification:_identify(src/ros2_orbslam3) by extensions ['ros']
[2.307s] Level 1:colcon.colcon_core.package_identification:_identify(src/ros2_orbslam3) by extension 'ros'
[2.310s] DEBUG:colcon.colcon_core.package_identification:Found ROS schema reference in package manifest in 'src/ros2_orbslam3'
[2.310s] WARNING:colcon.colcon_core.package_identification:Failed to parse ROS package manifest in 'src/ros2_orbslam3': Error(s) in package 'src/ros2_orbslam3/package.xml':
Invalid email "alberto.soragna@gmail.com # 1691829677@qq.com" for person "Alberto Soragna # curry chen"
[2.310s] Level 1:colcon.colcon_core.package_identification:_identify(src/ros2_orbslam3) by extensions ['cmake', 'python']
[2.310s] Level 1:colcon.colcon_core.package_identification:_identify(src/ros2_orbslam3) by extension 'cmake'
[2.311s] Level 1:colcon.colcon_core.package_identification:_identify(src/ros2_orbslam3) by extension 'python'
[2.311s] DEBUG:colcon.colcon_core.package_identification:Package 'src/ros2_orbslam3' with type 'cmake' and name 'ros2_orbslam3'
[2.312s] Level 1:colcon.colcon_core.package_discovery:discover_packages(recursive) using defaults
[2.312s] Level 1:colcon.colcon_core.package_discovery:discover_packages(ignore) discover
[2.312s] Level 1:colcon.colcon_core.package_discovery:discover_packages(ignore) using defaults
[2.312s] Level 1:colcon.colcon_core.package_discovery:discover_packages(path) discover
[2.312s] Level 1:colcon.colcon_core.package_discovery:discover_packages(path) using defaults
[2.364s] Level 1:colcon.colcon_core.package_discovery:discover_packages(prefix_path) check parameters
[2.364s] Level 1:colcon.colcon_core.package_discovery:discover_packages(prefix_path) discover
[2.366s] Level 1:colcon.colcon_core.package_discovery:discover_packages(prefix_path) using defaults
[2.367s] Level 5:colcon.colcon_core.verb:set package 'ros2_orbslam3' build argument 'cmake_args' from command line to 'None'
[2.367s] Level 5:colcon.colcon_core.verb:set package 'ros2_orbslam3' build argument 'cmake_target' from command line to 'None'
[2.367s] Level 5:colcon.colcon_core.verb:set package 'ros2_orbslam3' build argument 'cmake_target_skip_unavailable' from command line to 'False'
[2.367s] Level 5:colcon.colcon_core.verb:set package 'ros2_orbslam3' build argument 'cmake_clean_cache' from command line to 'False'
[2.367s] Level 5:colcon.colcon_core.verb:set package 'ros2_orbslam3' build argument 'cmake_clean_first' from command line to 'False'
[2.367s] Level 5:colcon.colcon_core.verb:set package 'ros2_orbslam3' build argument 'cmake_force_configure' from command line to 'False'
[2.367s] Level 5:colcon.colcon_core.verb:set package 'ros2_orbslam3' build argument 'ament_cmake_args' from command line to 'None'
[2.367s] Level 5:colcon.colcon_core.verb:set package 'ros2_orbslam3' build argument 'catkin_cmake_args' from command line to 'None'
[2.367s] Level 5:colcon.colcon_core.verb:set package 'ros2_orbslam3' build argument 'catkin_skip_building_tests' from command line to 'False'
[2.367s] DEBUG:colcon.colcon_core.verb:Building package 'ros2_orbslam3' with the following arguments: {'ament_cmake_args': None, 'build_base': '/Dev/ORB_SLAM3/ws/build/ros2_orbslam3', 'catkin_cmake_args': None, 'catkin_skip_building_tests': False, 'cmake_args': None, 'cmake_clean_cache': False, 'cmake_clean_first': False, 'cmake_force_configure': False, 'cmake_target': None, 'cmake_target_skip_unavailable': False, 'install_base': '/Dev/ORB_SLAM3/ws/install/ros2_orbslam3', 'merge_install': False, 'path': '/Dev/ORB_SLAM3/ws/src/ros2_orbslam3', 'symlink_install': False, 'test_result_base': None}
[2.367s] INFO:colcon.colcon_core.executor:Executing jobs using 'parallel' executor
[2.368s] DEBUG:colcon.colcon_parallel_executor.executor.parallel:run_until_complete
[2.368s] INFO:colcon.colcon_cmake.task.cmake.build:Building CMake package in '/Dev/ORB_SLAM3/ws/src/ros2_orbslam3'
[2.378s] INFO:colcon.colcon_core.plugin_system:Skipping extension 'colcon_core.shell.bat': Not used on non-Windows systems
[2.378s] INFO:colcon.colcon_core.shell:Skip shell extension 'powershell' for command environment: Not usable outside of PowerShell
[2.378s] DEBUG:colcon.colcon_core.shell:Skip shell extension 'dsv' for command environment
[2.396s] DEBUG:colcon.colcon_core.event_handler.log_command:Invoking command in '/Dev/ORB_SLAM3/ws/build/ros2_orbslam3': /usr/bin/cmake /Dev/ORB_SLAM3/ws/src/ros2_orbslam3 -DCMAKE_INSTALL_PREFIX=/Dev/ORB_SLAM3/ws/install/ros2_orbslam3
[2.853s] DEBUG:colcon.colcon_core.event_handler.log_command:Invoked command in '/Dev/ORB_SLAM3/ws/build/ros2_orbslam3' returned '1': /usr/bin/cmake /Dev/ORB_SLAM3/ws/src/ros2_orbslam3 -DCMAKE_INSTALL_PREFIX=/Dev/ORB_SLAM3/ws/install/ros2_orbslam3
[2.863s] DEBUG:colcon.colcon_parallel_executor.executor.parallel:closing loop
[2.863s] DEBUG:colcon.colcon_parallel_executor.executor.parallel:loop closed
[2.863s] DEBUG:colcon.colcon_parallel_executor.executor.parallel:run_until_complete finished with '1'
[2.864s] DEBUG:colcon.colcon_core.event_reactor:joining thread
[2.962s] INFO:colcon.colcon_core.plugin_system:Skipping extension 'colcon_notification.desktop_notification.notify_send': Could not find 'notify-send'
[2.962s] INFO:colcon.colcon_core.plugin_system:Skipping extension 'colcon_notification.desktop_notification.terminal_notifier': Not used on non-Darwin systems
[2.962s] INFO:colcon.colcon_core.plugin_system:Skipping extension 'colcon_notification.desktop_notification.win32': Not used on non-Windows systems
[2.962s] INFO:colcon.colcon_notification.desktop_notification:Sending desktop notification using 'notify2'
[2.962s] DEBUG:colcon.colcon_notification.desktop_notification.notify2:Failed to initialize notify2: org.freedesktop.DBus.Error.NotSupported: Unable to autolaunch a dbus-daemon without a $DISPLAY for X11
[2.963s] DEBUG:colcon.colcon_core.event_reactor:joined thread
[2.963s] INFO:colcon.colcon_core.shell:Creating prefix script '/Dev/ORB_SLAM3/ws/install/local_setup.ps1'
[2.970s] INFO:colcon.colcon_core.shell:Creating prefix util module '/Dev/ORB_SLAM3/ws/install/_local_setup_util_ps1.py'
[2.971s] INFO:colcon.colcon_core.shell:Creating prefix chain script '/Dev/ORB_SLAM3/ws/install/setup.ps1'
[2.972s] INFO:colcon.colcon_core.shell:Creating prefix script '/Dev/ORB_SLAM3/ws/install/local_setup.sh'
[2.972s] INFO:colcon.colcon_core.shell:Creating prefix util module '/Dev/ORB_SLAM3/ws/install/_local_setup_util_sh.py'
[2.973s] INFO:colcon.colcon_core.shell:Creating prefix chain script '/Dev/ORB_SLAM3/ws/install/setup.sh'
[2.974s] INFO:colcon.colcon_core.shell:Creating prefix script '/Dev/ORB_SLAM3/ws/install/local_setup.bash'
[2.974s] INFO:colcon.colcon_core.shell:Creating prefix chain script '/Dev/ORB_SLAM3/ws/install/setup.bash'
[2.975s] INFO:colcon.colcon_core.shell:Creating prefix script '/Dev/ORB_SLAM3/ws/install/local_setup.zsh'
[2.976s] INFO:colcon.colcon_core.shell:Creating prefix chain script '/Dev/ORB_SLAM3/ws/install/setup.zsh'
